c:\users\mazvy\source\repos\myproject\myproject\x64\release\myproject.pch
c:\users\mazvy\source\repos\myproject\myproject\x64\release\vc143.pdb
c:\users\mazvy\source\repos\myproject\myproject\x64\release\pch.obj
c:\users\mazvy\source\repos\myproject\myproject\x64\release\form1.obj
c:\users\mazvy\source\repos\myproject\myproject\x64\release\cppclr_winformsproject.obj
c:\users\mazvy\source\repos\myproject\myproject\x64\release\assemblyinfo.obj
c:\users\mazvy\source\repos\myproject\myproject\x64\release\.netframework,version=v4.7.2.assemblyattributes.obj
c:\users\mazvy\source\repos\myproject\x64\release\myproject.exe
c:\users\mazvy\source\repos\myproject\x64\release\myproject.pdb
c:\users\mazvy\source\repos\myproject\myproject\x64\release\app.res
c:\users\mazvy\source\repos\myproject\myproject\x64\release\myproject.tlog\cl.command.1.tlog
c:\users\mazvy\source\repos\myproject\myproject\x64\release\myproject.tlog\cl.items.tlog
c:\users\mazvy\source\repos\myproject\myproject\x64\release\myproject.tlog\cl.read.1.tlog
c:\users\mazvy\source\repos\myproject\myproject\x64\release\myproject.tlog\cl.write.1.tlog
c:\users\mazvy\source\repos\myproject\myproject\x64\release\myproject.tlog\link.command.1.tlog
c:\users\mazvy\source\repos\myproject\myproject\x64\release\myproject.tlog\link.read.1.tlog
c:\users\mazvy\source\repos\myproject\myproject\x64\release\myproject.tlog\link.write.1.tlog
c:\users\mazvy\source\repos\myproject\myproject\x64\release\myproject.tlog\metagen.read.1.tlog
c:\users\mazvy\source\repos\myproject\myproject\x64\release\myproject.tlog\metagen.write.1.tlog
c:\users\mazvy\source\repos\myproject\myproject\x64\release\myproject.tlog\rc.command.1.tlog
c:\users\mazvy\source\repos\myproject\myproject\x64\release\myproject.tlog\rc.read.1.tlog
c:\users\mazvy\source\repos\myproject\myproject\x64\release\myproject.tlog\rc.write.1.tlog
c:\users\mazvy\source\repos\myproject\myproject\x64\release\myproject.tlog\resgen.command.1.tlog
c:\users\mazvy\source\repos\myproject\myproject\x64\release\myproject.tlog\resgen.read.1.tlog
c:\users\mazvy\source\repos\myproject\myproject\x64\release\myproject.tlog\resgen.write.1.tlog
